<?xml version="1.0" encoding="UTF-8"?>
<testng-results ignored="0" total="1" passed="1" failed="0" skipped="0">
  <reporter-output>
  </reporter-output>
  <suite started-at="2024-04-09T11:53:45 IST" name="Default suite" finished-at="2024-04-09T11:53:57 IST" duration-ms="11730">
    <groups>
    </groups>
    <test started-at="2024-04-09T11:53:45 IST" name="Default test" finished-at="2024-04-09T11:53:57 IST" duration-ms="11730">
      <class name="pages.verifyLoginDetailsUsingPomHybrid">
        <test-method is-config="true" signature="bothFile()[pri:0, instance:pages.verifyLoginDetailsUsingPomHybrid@72cc7e6f]" started-at="2024-04-09T11:53:45 IST" name="bothFile" finished-at="2024-04-09T11:53:45 IST" duration-ms="21" status="PASS">
          <reporter-output>
          </reporter-output>
        </test-method> <!-- bothFile -->
        <test-method is-config="true" signature="setUp()[pri:0, instance:pages.verifyLoginDetailsUsingPomHybrid@72cc7e6f]" started-at="2024-04-09T11:53:45 IST" name="setUp" finished-at="2024-04-09T11:53:50 IST" duration-ms="4230" status="PASS">
          <reporter-output>
          </reporter-output>
        </test-method> <!-- setUp -->
        <test-method signature="verifyLoginDetailsTest(java.util.HashMap)[pri:0, instance:pages.verifyLoginDetailsUsingPomHybrid@72cc7e6f]" started-at="2024-04-09T11:53:50 IST" name="verifyLoginDetailsTest" data-provider="getData" finished-at="2024-04-09T11:53:53 IST" duration-ms="3730" status="PASS">
          <params>
            <param index="0">
              <value>
                <![CDATA[{Roomtype=Standard, Check Out Date=05-04-2024, Number of Room=1 - One, ActualText=Welcome to Adactin Group of Hotels, Check In Date=03-04-2024, Expected Title=Adactin.com - Search Hotel, Hotels=Hotel Sunshine, password=Rajesh@99, Children Per Room=0 - None, Adults Per Room=2 - Two, username=Rajesh00, Location=Sydney}]]>
              </value>
            </param>
          </params>
          <reporter-output>
          </reporter-output>
        </test-method> <!-- verifyLoginDetailsTest -->
        <test-method is-config="true" signature="tearDown()[pri:0, instance:pages.verifyLoginDetailsUsingPomHybrid@72cc7e6f]" started-at="2024-04-09T11:53:53 IST" name="tearDown" finished-at="2024-04-09T11:53:57 IST" duration-ms="3149" status="PASS">
          <reporter-output>
          </reporter-output>
        </test-method> <!-- tearDown -->
      </class> <!-- pages.verifyLoginDetailsUsingPomHybrid -->
    </test> <!-- Default test -->
  </suite> <!-- Default suite -->
</testng-results>
